mode: set
golang-2019-1/3/99_hw/coverage/client.go:67.80,71.19 2 1
golang-2019-1/3/99_hw/coverage/client.go:74.2,74.20 1 1
golang-2019-1/3/99_hw/coverage/client.go:77.2,77.20 1 1
golang-2019-1/3/99_hw/coverage/client.go:82.2,94.16 10 1
golang-2019-1/3/99_hw/coverage/client.go:100.2,103.25 3 1
golang-2019-1/3/99_hw/coverage/client.go:120.2,122.16 3 1
golang-2019-1/3/99_hw/coverage/client.go:126.2,127.28 2 1
golang-2019-1/3/99_hw/coverage/client.go:134.2,134.21 1 1
golang-2019-1/3/99_hw/coverage/client.go:71.19,73.3 1 1
golang-2019-1/3/99_hw/coverage/client.go:74.20,76.3 1 1
golang-2019-1/3/99_hw/coverage/client.go:77.20,79.3 1 1
golang-2019-1/3/99_hw/coverage/client.go:94.16,95.54 1 1
golang-2019-1/3/99_hw/coverage/client.go:98.3,98.50 1 1
golang-2019-1/3/99_hw/coverage/client.go:95.54,97.4 1 1
golang-2019-1/3/99_hw/coverage/client.go:104.31,105.44 1 1
golang-2019-1/3/99_hw/coverage/client.go:106.38,107.53 1 1
golang-2019-1/3/99_hw/coverage/client.go:108.29,111.17 3 1
golang-2019-1/3/99_hw/coverage/client.go:114.3,114.44 1 1
golang-2019-1/3/99_hw/coverage/client.go:117.3,117.73 1 1
golang-2019-1/3/99_hw/coverage/client.go:111.17,113.4 1 1
golang-2019-1/3/99_hw/coverage/client.go:114.44,116.4 1 1
golang-2019-1/3/99_hw/coverage/client.go:122.16,124.3 1 1
golang-2019-1/3/99_hw/coverage/client.go:127.28,130.3 2 1
golang-2019-1/3/99_hw/coverage/client.go:130.8,132.3 1 1
golang-2019-1/3/99_hw/coverage/server.go:30.59,31.18 1 1
golang-2019-1/3/99_hw/coverage/server.go:34.2,34.24 1 1
golang-2019-1/3/99_hw/coverage/server.go:43.2,43.25 1 1
golang-2019-1/3/99_hw/coverage/server.go:52.2,52.26 1 1
golang-2019-1/3/99_hw/coverage/server.go:31.18,33.3 1 1
golang-2019-1/3/99_hw/coverage/server.go:34.24,35.44 1 1
golang-2019-1/3/99_hw/coverage/server.go:35.44,36.30 1 1
golang-2019-1/3/99_hw/coverage/server.go:36.30,38.5 1 1
golang-2019-1/3/99_hw/coverage/server.go:38.10,40.5 1 1
golang-2019-1/3/99_hw/coverage/server.go:43.25,44.44 1 1
golang-2019-1/3/99_hw/coverage/server.go:44.44,45.30 1 1
golang-2019-1/3/99_hw/coverage/server.go:45.30,47.5 1 1
golang-2019-1/3/99_hw/coverage/server.go:47.10,49.5 1 1
golang-2019-1/3/99_hw/coverage/server.go:52.26,53.44 1 1
golang-2019-1/3/99_hw/coverage/server.go:53.44,56.30 1 1
golang-2019-1/3/99_hw/coverage/server.go:56.30,58.5 1 1
golang-2019-1/3/99_hw/coverage/server.go:58.10,60.5 1 1
golang-2019-1/3/99_hw/coverage/server.go:65.59,68.16 3 1
golang-2019-1/3/99_hw/coverage/server.go:72.2,74.26 3 1
golang-2019-1/3/99_hw/coverage/server.go:78.2,79.16 2 1
golang-2019-1/3/99_hw/coverage/server.go:86.2,89.22 4 1
golang-2019-1/3/99_hw/coverage/server.go:92.2,92.71 1 1
golang-2019-1/3/99_hw/coverage/server.go:99.2,100.79 2 1
golang-2019-1/3/99_hw/coverage/server.go:107.2,108.33 2 1
golang-2019-1/3/99_hw/coverage/server.go:114.2,115.26 2 1
golang-2019-1/3/99_hw/coverage/server.go:121.2,122.26 2 1
golang-2019-1/3/99_hw/coverage/server.go:125.2,126.27 2 1
golang-2019-1/3/99_hw/coverage/server.go:68.16,71.3 2 1
golang-2019-1/3/99_hw/coverage/server.go:74.26,77.3 2 1
golang-2019-1/3/99_hw/coverage/server.go:79.16,85.3 5 1
golang-2019-1/3/99_hw/coverage/server.go:89.22,91.3 1 1
golang-2019-1/3/99_hw/coverage/server.go:92.71,98.3 5 1
golang-2019-1/3/99_hw/coverage/server.go:100.79,106.3 5 1
golang-2019-1/3/99_hw/coverage/server.go:108.33,109.102 1 1
golang-2019-1/3/99_hw/coverage/server.go:109.102,112.4 2 1
golang-2019-1/3/99_hw/coverage/server.go:115.26,120.3 4 1
golang-2019-1/3/99_hw/coverage/server.go:122.26,124.3 1 1
